# JRE version: Java(TM) SE Runtime Environment (8.0_144-b01) (build 1.8.0_144-b01)
# Java VM: Java HotSpot(TM) 64-Bit Server VM (25.144-b01 mixed mode windows-amd64 compressed oops)
Heap:
 PSYoungGen      total 122880K, used 32819K [0x00000000d5d80000, 0x00000000de080000, 0x0000000100000000)
  eden space 114176K, 28% used [0x00000000d5d80000,0x00000000d7d8cc28,0x00000000dcd00000)
  from space 8704K, 0% used [0x00000000dcd00000,0x00000000dcd00000,0x00000000dd580000)
  to   space 9216K, 0% used [0x00000000dd580000,0x00000000dd580000,0x00000000dde80000)
 ParOldGen       total 67072K, used 15500K [0x0000000081800000, 0x0000000085980000, 0x00000000d5d80000)
  object space 67072K, 23% used [0x0000000081800000,0x0000000082723190,0x0000000085980000)
 Metaspace       used 35745K, capacity 36710K, committed 36824K, reserved 1081344K
  class space    used 4564K, capacity 4817K, committed 4824K, reserved 1048576K
GC Heap History (10 events):
Event: 9.181 GC heap before
{Heap before GC invocations=9 (full 1):
 PSYoungGen      total 68608K, used 61252K [0x00000000d5d80000, 0x00000000dde80000, 0x0000000100000000)
  eden space 59904K, 100% used [0x00000000d5d80000,0x00000000d9800000,0x00000000d9800000)
  from space 8704K, 15% used [0x00000000d9800000,0x00000000d99513a8,0x00000000da080000)
  to   space 9216K, 0% used [0x00000000dd580000,0x00000000dd580000,0x00000000dde80000)
 ParOldGen       total 50176K, used 5796K [0x0000000081800000, 0x0000000084900000, 0x00000000d5d80000)
  object space 50176K, 11% used [0x0000000081800000,0x0000000081da9060,0x0000000084900000)
 Metaspace       used 26989K, capacity 27722K, committed 28032K, reserved 1073152K
  class space    used 3454K, capacity 3652K, committed 3712K, reserved 1048576K
Event: 9.192 GC heap after
Heap after GC invocations=9 (full 1):
 PSYoungGen      total 123392K, used 4923K [0x00000000d5d80000, 0x00000000de080000, 0x0000000100000000)
  eden space 114176K, 0% used [0x00000000d5d80000,0x00000000d5d80000,0x00000000dcd00000)
  from space 9216K, 53% used [0x00000000dd580000,0x00000000dda4ef00,0x00000000dde80000)
  to   space 8704K, 0% used [0x00000000dcd00000,0x00000000dcd00000,0x00000000dd580000)
 ParOldGen       total 50176K, used 5804K [0x0000000081800000, 0x0000000084900000, 0x00000000d5d80000)
  object space 50176K, 11% used [0x0000000081800000,0x0000000081dab060,0x0000000084900000)
 Metaspace       used 26989K, capacity 27722K, committed 28032K, reserved 1073152K
  class space    used 3454K, capacity 3652K, committed 3712K, reserved 1048576K
}
Event: 11.322 GC heap before
{Heap before GC invocations=10 (full 1):
 PSYoungGen      total 123392K, used 119099K [0x00000000d5d80000, 0x00000000de080000, 0x0000000100000000)
  eden space 114176K, 100% used [0x00000000d5d80000,0x00000000dcd00000,0x00000000dcd00000)
  from space 9216K, 53% used [0x00000000dd580000,0x00000000dda4ef00,0x00000000dde80000)
  to   space 8704K, 0% used [0x00000000dcd00000,0x00000000dcd00000,0x00000000dd580000)
 ParOldGen       total 50176K, used 5804K [0x0000000081800000, 0x0000000084900000, 0x00000000d5d80000)
  object space 50176K, 11% used [0x0000000081800000,0x0000000081dab060,0x0000000084900000)
 Metaspace       used 29424K, capacity 30234K, committed 30336K, reserved 1075200K
  class space    used 3759K, capacity 3964K, committed 3968K, reserved 1048576K
Event: 11.337 GC heap after
Heap after GC invocations=10 (full 1):
 PSYoungGen      total 122880K, used 7257K [0x00000000d5d80000, 0x00000000de080000, 0x0000000100000000)
  eden space 114176K, 0% used [0x00000000d5d80000,0x00000000d5d80000,0x00000000dcd00000)
  from space 8704K, 83% used [0x00000000dcd00000,0x00000000dd4165a0,0x00000000dd580000)
  to   space 9216K, 0% used [0x00000000dd580000,0x00000000dd580000,0x00000000dde80000)
 ParOldGen       total 50176K, used 6956K [0x0000000081800000, 0x0000000084900000, 0x00000000d5d80000)
  object space 50176K, 13% used [0x0000000081800000,0x0000000081ecb090,0x0000000084900000)
 Metaspace       used 29424K, capacity 30234K, committed 30336K, reserved 1075200K
  class space    used 3759K, capacity 3964K, committed 3968K, reserved 1048576K
}
Event: 14.576 GC heap before
{Heap before GC invocations=11 (full 1):
 PSYoungGen      total 122880K, used 121433K [0x00000000d5d80000, 0x00000000de080000, 0x0000000100000000)
  eden space 114176K, 100% used [0x00000000d5d80000,0x00000000dcd00000,0x00000000dcd00000)
  from space 8704K, 83% used [0x00000000dcd00000,0x00000000dd4165a0,0x00000000dd580000)
  to   space 9216K, 0% used [0x00000000dd580000,0x00000000dd580000,0x00000000dde80000)
 ParOldGen       total 50176K, used 6956K [0x0000000081800000, 0x0000000084900000, 0x00000000d5d80000)
  object space 50176K, 13% used [0x0000000081800000,0x0000000081ecb090,0x0000000084900000)
 Metaspace       used 34104K, capacity 35028K, committed 35328K, reserved 1079296K
  class space    used 4338K, capacity 4582K, committed 4608K, reserved 1048576K
Event: 14.595 GC heap after
Heap after GC invocations=11 (full 1):
 PSYoungGen      total 123392K, used 9191K [0x00000000d5d80000, 0x00000000de080000, 0x0000000100000000)
  eden space 114176K, 0% used [0x00000000d5d80000,0x00000000d5d80000,0x00000000dcd00000)
  from space 9216K, 99% used [0x00000000dd580000,0x00000000dde79c58,0x00000000dde80000)
  to   space 8704K, 0% used [0x00000000dcd00000,0x00000000dcd00000,0x00000000dd580000)
 ParOldGen       total 50176K, used 9982K [0x0000000081800000, 0x0000000084900000, 0x00000000d5d80000)
  object space 50176K, 19% used [0x0000000081800000,0x00000000821bf848,0x0000000084900000)
 Metaspace       used 34104K, capacity 35028K, committed 35328K, reserved 1079296K
  class space    used 4338K, capacity 4582K, committed 4608K, reserved 1048576K
}
Event: 14.648 GC heap before
{Heap before GC invocations=12 (full 1):
 PSYoungGen      total 123392K, used 13199K [0x00000000d5d80000, 0x00000000de080000, 0x0000000100000000)
  eden space 114176K, 3% used [0x00000000d5d80000,0x00000000d616a260,0x00000000dcd00000)
  from space 9216K, 99% used [0x00000000dd580000,0x00000000dde79c58,0x00000000dde80000)
  to   space 8704K, 0% used [0x00000000dcd00000,0x00000000dcd00000,0x00000000dd580000)
 ParOldGen       total 50176K, used 9982K [0x0000000081800000, 0x0000000084900000, 0x00000000d5d80000)
  object space 50176K, 19% used [0x0000000081800000,0x00000000821bf848,0x0000000084900000)
 Metaspace       used 34332K, capacity 35258K, committed 35416K, reserved 1079296K
  class space    used 4370K, capacity 4615K, committed 4696K, reserved 1048576K
Event: 14.663 GC heap after
Heap after GC invocations=12 (full 1):
 PSYoungGen      total 122880K, used 404K [0x00000000d5d80000, 0x00000000de080000, 0x0000000100000000)
  eden space 114176K, 0% used [0x00000000d5d80000,0x00000000d5d80000,0x00000000dcd00000)
  from space 8704K, 4% used [0x00000000dcd00000,0x00000000dcd651a8,0x00000000dd580000)
  to   space 9216K, 0% used [0x00000000dd580000,0x00000000dd580000,0x00000000dde80000)
 ParOldGen       total 50176K, used 17829K [0x0000000081800000, 0x0000000084900000, 0x00000000d5d80000)
  object space 50176K, 35% used [0x0000000081800000,0x0000000082969548,0x0000000084900000)
 Metaspace       used 34332K, capacity 35258K, committed 35416K, reserved 1079296K
  class space    used 4370K, capacity 4615K, committed 4696K, reserved 1048576K
}
Event: 14.663 GC heap before
{Heap before GC invocations=13 (full 2):
 PSYoungGen      total 122880K, used 404K [0x00000000d5d80000, 0x00000000de080000, 0x0000000100000000)
  eden space 114176K, 0% used [0x00000000d5d80000,0x00000000d5d80000,0x00000000dcd00000)
  from space 8704K, 4% used [0x00000000dcd00000,0x00000000dcd651a8,0x00000000dd580000)
  to   space 9216K, 0% used [0x00000000dd580000,0x00000000dd580000,0x00000000dde80000)
 ParOldGen       total 50176K, used 17829K [0x0000000081800000, 0x0000000084900000, 0x00000000d5d80000)
  object space 50176K, 35% used [0x0000000081800000,0x0000000082969548,0x0000000084900000)
 Metaspace       used 34332K, capacity 35258K, committed 35416K, reserved 1079296K
  class space    used 4370K, capacity 4615K, committed 4696K, reserved 1048576K
Event: 14.819 GC heap after
Heap after GC invocations=13 (full 2):
 PSYoungGen      total 122880K, used 0K [0x00000000d5d80000, 0x00000000de080000, 0x0000000100000000)
  eden space 114176K, 0% used [0x00000000d5d80000,0x00000000d5d80000,0x00000000dcd00000)
  from space 8704K, 0% used [0x00000000dcd00000,0x00000000dcd00000,0x00000000dd580000)
  to   space 9216K, 0% used [0x00000000dd580000,0x00000000dd580000,0x00000000dde80000)
 ParOldGen       total 67072K, used 15500K [0x0000000081800000, 0x0000000085980000, 0x00000000d5d80000)
  object space 67072K, 23% used [0x0000000081800000,0x0000000082723190,0x0000000085980000)
 Metaspace       used 34332K, capacity 35258K, committed 35416K, reserved 1079296K
  class space    used 4370K, capacity 4615K, committed 4696K, reserved 1048576K
}

