# JRE version: Java(TM) SE Runtime Environment (8.0_144-b01) (build 1.8.0_144-b01)
# Java VM: Java HotSpot(TM) 64-Bit Server VM (25.144-b01 mixed mode windows-amd64 compressed oops)
Heap:
 PSYoungGen      total 108544K, used 29169K [0x00000000d5d80000, 0x00000000dd180000, 0x0000000100000000)
  eden space 102400K, 22% used [0x00000000d5d80000,0x00000000d74655b8,0x00000000dc180000)
  from space 6144K, 93% used [0x00000000dcb80000,0x00000000dd116f18,0x00000000dd180000)
  to   space 8192K, 0% used [0x00000000dc180000,0x00000000dc180000,0x00000000dc980000)
 ParOldGen       total 48128K, used 20275K [0x0000000081800000, 0x0000000084700000, 0x00000000d5d80000)
  object space 48128K, 42% used [0x0000000081800000,0x0000000082bccec8,0x0000000084700000)
 Metaspace       used 40510K, capacity 41608K, committed 41816K, reserved 1085440K
  class space    used 5212K, capacity 5460K, committed 5464K, reserved 1048576K
GC Heap History (10 events):
Event: 12.554 GC heap before
{Heap before GC invocations=10 (full 1):
 PSYoungGen      total 108544K, used 108256K [0x00000000d5d80000, 0x00000000dd180000, 0x0000000100000000)
  eden space 102400K, 100% used [0x00000000d5d80000,0x00000000dc180000,0x00000000dc180000)
  from space 6144K, 95% used [0x00000000dcb80000,0x00000000dd138180,0x00000000dd180000)
  to   space 8192K, 0% used [0x00000000dc180000,0x00000000dc180000,0x00000000dc980000)
 ParOldGen       total 48128K, used 6029K [0x0000000081800000, 0x0000000084700000, 0x00000000d5d80000)
  object space 48128K, 12% used [0x0000000081800000,0x0000000081de3458,0x0000000084700000)
 Metaspace       used 31338K, capacity 32176K, committed 32384K, reserved 1077248K
  class space    used 3990K, capacity 4179K, committed 4224K, reserved 1048576K
Event: 12.575 GC heap after
Heap after GC invocations=10 (full 1):
 PSYoungGen      total 110592K, used 8176K [0x00000000d5d80000, 0x00000000dd180000, 0x0000000100000000)
  eden space 102400K, 0% used [0x00000000d5d80000,0x00000000d5d80000,0x00000000dc180000)
  from space 8192K, 99% used [0x00000000dc180000,0x00000000dc97c138,0x00000000dc980000)
  to   space 6144K, 0% used [0x00000000dcb80000,0x00000000dcb80000,0x00000000dd180000)
 ParOldGen       total 48128K, used 7463K [0x0000000081800000, 0x0000000084700000, 0x00000000d5d80000)
  object space 48128K, 15% used [0x0000000081800000,0x0000000081f49c38,0x0000000084700000)
 Metaspace       used 31338K, capacity 32176K, committed 32384K, reserved 1077248K
  class space    used 3990K, capacity 4179K, committed 4224K, reserved 1048576K
}
Event: 15.296 GC heap before
{Heap before GC invocations=11 (full 1):
 PSYoungGen      total 110592K, used 75848K [0x00000000d5d80000, 0x00000000dd180000, 0x0000000100000000)
  eden space 102400K, 66% used [0x00000000d5d80000,0x00000000d9f961a0,0x00000000dc180000)
  from space 8192K, 99% used [0x00000000dc180000,0x00000000dc97c138,0x00000000dc980000)
  to   space 6144K, 0% used [0x00000000dcb80000,0x00000000dcb80000,0x00000000dd180000)
 ParOldGen       total 48128K, used 7463K [0x0000000081800000, 0x0000000084700000, 0x00000000d5d80000)
  object space 48128K, 15% used [0x0000000081800000,0x0000000081f49c38,0x0000000084700000)
 Metaspace       used 34386K, capacity 35258K, committed 35416K, reserved 1079296K
  class space    used 4378K, capacity 4615K, committed 4696K, reserved 1048576K
Event: 15.322 GC heap after
Heap after GC invocations=11 (full 1):
 PSYoungGen      total 108544K, used 6112K [0x00000000d5d80000, 0x00000000dd180000, 0x0000000100000000)
  eden space 102400K, 0% used [0x00000000d5d80000,0x00000000d5d80000,0x00000000dc180000)
  from space 6144K, 99% used [0x00000000dcb80000,0x00000000dd178010,0x00000000dd180000)
  to   space 8192K, 0% used [0x00000000dc180000,0x00000000dc180000,0x00000000dc980000)
 ParOldGen       total 48128K, used 12723K [0x0000000081800000, 0x0000000084700000, 0x00000000d5d80000)
  object space 48128K, 26% used [0x0000000081800000,0x000000008246cec0,0x0000000084700000)
 Metaspace       used 34386K, capacity 35258K, committed 35416K, reserved 1079296K
  class space    used 4378K, capacity 4615K, committed 4696K, reserved 1048576K
}
Event: 15.322 GC heap before
{Heap before GC invocations=12 (full 2):
 PSYoungGen      total 108544K, used 6112K [0x00000000d5d80000, 0x00000000dd180000, 0x0000000100000000)
  eden space 102400K, 0% used [0x00000000d5d80000,0x00000000d5d80000,0x00000000dc180000)
  from space 6144K, 99% used [0x00000000dcb80000,0x00000000dd178010,0x00000000dd180000)
  to   space 8192K, 0% used [0x00000000dc180000,0x00000000dc180000,0x00000000dc980000)
 ParOldGen       total 48128K, used 12723K [0x0000000081800000, 0x0000000084700000, 0x00000000d5d80000)
  object space 48128K, 26% used [0x0000000081800000,0x000000008246cec0,0x0000000084700000)
 Metaspace       used 34386K, capacity 35258K, committed 35416K, reserved 1079296K
  class space    used 4378K, capacity 4615K, committed 4696K, reserved 1048576K
Event: 15.470 GC heap after
Heap after GC invocations=12 (full 2):
 PSYoungGen      total 108544K, used 0K [0x00000000d5d80000, 0x00000000dd180000, 0x0000000100000000)
  eden space 102400K, 0% used [0x00000000d5d80000,0x00000000d5d80000,0x00000000dc180000)
  from space 6144K, 0% used [0x00000000dcb80000,0x00000000dcb80000,0x00000000dd180000)
  to   space 8192K, 0% used [0x00000000dc180000,0x00000000dc180000,0x00000000dc980000)
 ParOldGen       total 48128K, used 16599K [0x0000000081800000, 0x0000000084700000, 0x00000000d5d80000)
  object space 48128K, 34% used [0x0000000081800000,0x0000000082835eb8,0x0000000084700000)
 Metaspace       used 34386K, capacity 35258K, committed 35416K, reserved 1079296K
  class space    used 4378K, capacity 4615K, committed 4696K, reserved 1048576K
}
Event: 19.556 GC heap before
{Heap before GC invocations=13 (full 2):
 PSYoungGen      total 108544K, used 102400K [0x00000000d5d80000, 0x00000000dd180000, 0x0000000100000000)
  eden space 102400K, 100% used [0x00000000d5d80000,0x00000000dc180000,0x00000000dc180000)
  from space 6144K, 0% used [0x00000000dcb80000,0x00000000dcb80000,0x00000000dd180000)
  to   space 8192K, 0% used [0x00000000dc180000,0x00000000dc180000,0x00000000dc980000)
 ParOldGen       total 48128K, used 16599K [0x0000000081800000, 0x0000000084700000, 0x00000000d5d80000)
  object space 48128K, 34% used [0x0000000081800000,0x0000000082835eb8,0x0000000084700000)
 Metaspace       used 37314K, capacity 38378K, committed 38616K, reserved 1083392K
  class space    used 4768K, capacity 5035K, committed 5080K, reserved 1048576K
Event: 19.565 GC heap after
Heap after GC invocations=13 (full 2):
 PSYoungGen      total 110592K, used 5920K [0x00000000d5d80000, 0x00000000dd180000, 0x0000000100000000)
  eden space 102400K, 0% used [0x00000000d5d80000,0x00000000d5d80000,0x00000000dc180000)
  from space 8192K, 72% used [0x00000000dc180000,0x00000000dc7481d8,0x00000000dc980000)
  to   space 6144K, 0% used [0x00000000dcb80000,0x00000000dcb80000,0x00000000dd180000)
 ParOldGen       total 48128K, used 16599K [0x0000000081800000, 0x0000000084700000, 0x00000000d5d80000)
  object space 48128K, 34% used [0x0000000081800000,0x0000000082835eb8,0x0000000084700000)
 Metaspace       used 37314K, capacity 38378K, committed 38616K, reserved 1083392K
  class space    used 4768K, capacity 5035K, committed 5080K, reserved 1048576K
}
Event: 22.057 GC heap before
{Heap before GC invocations=14 (full 2):
 PSYoungGen      total 110592K, used 108320K [0x00000000d5d80000, 0x00000000dd180000, 0x0000000100000000)
  eden space 102400K, 100% used [0x00000000d5d80000,0x00000000dc180000,0x00000000dc180000)
  from space 8192K, 72% used [0x00000000dc180000,0x00000000dc7481d8,0x00000000dc980000)
  to   space 6144K, 0% used [0x00000000dcb80000,0x00000000dcb80000,0x00000000dd180000)
 ParOldGen       total 48128K, used 16599K [0x0000000081800000, 0x0000000084700000, 0x00000000d5d80000)
  object space 48128K, 34% used [0x0000000081800000,0x0000000082835eb8,0x0000000084700000)
 Metaspace       used 39842K, capacity 40956K, committed 41048K, reserved 1085440K
  class space    used 5142K, capacity 5394K, committed 5464K, reserved 1048576K
Event: 22.091 GC heap after
Heap after GC invocations=14 (full 2):
 PSYoungGen      total 108544K, used 5723K [0x00000000d5d80000, 0x00000000dd180000, 0x0000000100000000)
  eden space 102400K, 0% used [0x00000000d5d80000,0x00000000d5d80000,0x00000000dc180000)
  from space 6144K, 93% used [0x00000000dcb80000,0x00000000dd116f18,0x00000000dd180000)
  to   space 8192K, 0% used [0x00000000dc180000,0x00000000dc180000,0x00000000dc980000)
 ParOldGen       total 48128K, used 20275K [0x0000000081800000, 0x0000000084700000, 0x00000000d5d80000)
  object space 48128K, 42% used [0x0000000081800000,0x0000000082bccec8,0x0000000084700000)
 Metaspace       used 39842K, capacity 40956K, committed 41048K, reserved 1085440K
  class space    used 5142K, capacity 5394K, committed 5464K, reserved 1048576K
}

